-------------------------------------------------------------------------------
Test set: ControllerTest.AuthenticationControllerTest
-------------------------------------------------------------------------------
Tests run: 5, Failures: 1, Errors: 0, Skipped: 0, Time elapsed: 0.003 s <<< FAILURE! - in ControllerTest.AuthenticationControllerTest
ThrownIncorrectPasswordWhenPasswordIsNotCorrect  Time elapsed: 0.001 s  <<< FAILURE!
org.opentest4j.AssertionFailedError: expected: <<401 UNAUTHORIZED Unauthorized,Incorrect password.,[]>> but was: <<200 OK OK,login successfully!,[]>>
	at ControllerTest.AuthenticationControllerTest.ThrownIncorrectPasswordWhenPasswordIsNotCorrect(AuthenticationControllerTest.java:58)

